{"/usr/src/app/settings.js":{"path":"/usr/src/app/settings.js","s":{"1":1},"b":{},"f":{},"fnMap":{},"statementMap":{"1":{"start":{"line":2,"column":0},"end":{"line":5,"column":2}}},"branchMap":{}},"/usr/src/app/app.js":{"path":"/usr/src/app/app.js","s":{"1":3,"2":3,"3":3,"4":1,"5":0,"6":0,"7":0,"8":0,"9":0,"10":1,"11":3,"12":3,"13":0,"14":0,"15":3,"16":1,"17":0,"18":0,"19":0,"20":0,"21":0,"22":1,"23":0,"24":0,"25":0,"26":0,"27":1,"28":0},"b":{},"f":{"1":0,"2":0,"3":0,"4":3,"5":3,"6":0,"7":0,"8":0,"9":0,"10":0,"11":0,"12":0,"13":0},"fnMap":{"1":{"name":"getUser","line":22,"loc":{"start":{"line":22,"column":0},"end":{"line":23,"column":0}}},"2":{"name":"(anonymous_2)","line":25,"loc":{"start":{"line":25,"column":4},"end":{"line":25,"column":15}}},"3":{"name":"(anonymous_3)","line":29,"loc":{"start":{"line":29,"column":9},"end":{"line":29,"column":19}}},"4":{"name":"addUser","line":34,"loc":{"start":{"line":34,"column":0},"end":{"line":35,"column":0}}},"5":{"name":"(anonymous_5)","line":37,"loc":{"start":{"line":37,"column":4},"end":{"line":37,"column":15}}},"6":{"name":"(anonymous_6)","line":40,"loc":{"start":{"line":40,"column":9},"end":{"line":40,"column":19}}},"7":{"name":"removeUser","line":47,"loc":{"start":{"line":47,"column":0},"end":{"line":48,"column":0}}},"8":{"name":"(anonymous_8)","line":50,"loc":{"start":{"line":50,"column":4},"end":{"line":50,"column":15}}},"9":{"name":"(anonymous_9)","line":54,"loc":{"start":{"line":54,"column":9},"end":{"line":54,"column":19}}},"10":{"name":"isUser","line":59,"loc":{"start":{"line":59,"column":0},"end":{"line":60,"column":0}}},"11":{"name":"(anonymous_11)","line":62,"loc":{"start":{"line":62,"column":4},"end":{"line":62,"column":15}}},"12":{"name":"(anonymous_12)","line":65,"loc":{"start":{"line":65,"column":9},"end":{"line":65,"column":19}}},"13":{"name":"on_error","line":72,"loc":{"start":{"line":72,"column":0},"end":{"line":72,"column":23}}}},"statementMap":{"1":{"start":{"line":4,"column":0},"end":{"line":4,"column":23}},"2":{"start":{"line":5,"column":0},"end":{"line":5,"column":33}},"3":{"start":{"line":7,"column":0},"end":{"line":11,"column":2}},"4":{"start":{"line":22,"column":0},"end":{"line":32,"column":1}},"5":{"start":{"line":25,"column":1},"end":{"line":31,"column":20}},"6":{"start":{"line":26,"column":2},"end":{"line":26,"column":43}},"7":{"start":{"line":27,"column":2},"end":{"line":27,"column":29}},"8":{"start":{"line":28,"column":2},"end":{"line":28,"column":25}},"9":{"start":{"line":30,"column":3},"end":{"line":30,"column":18}},"10":{"start":{"line":34,"column":0},"end":{"line":43,"column":1}},"11":{"start":{"line":37,"column":1},"end":{"line":42,"column":20}},"12":{"start":{"line":38,"column":2},"end":{"line":38,"column":42}},"13":{"start":{"line":39,"column":2},"end":{"line":39,"column":29}},"14":{"start":{"line":41,"column":3},"end":{"line":41,"column":18}},"15":{"start":{"line":45,"column":0},"end":{"line":45,"column":16}},"16":{"start":{"line":47,"column":0},"end":{"line":57,"column":1}},"17":{"start":{"line":50,"column":1},"end":{"line":56,"column":20}},"18":{"start":{"line":51,"column":2},"end":{"line":51,"column":45}},"19":{"start":{"line":52,"column":2},"end":{"line":52,"column":29}},"20":{"start":{"line":53,"column":2},"end":{"line":53,"column":22}},"21":{"start":{"line":55,"column":3},"end":{"line":55,"column":18}},"22":{"start":{"line":59,"column":0},"end":{"line":68,"column":1}},"23":{"start":{"line":62,"column":1},"end":{"line":67,"column":20}},"24":{"start":{"line":63,"column":2},"end":{"line":63,"column":41}},"25":{"start":{"line":64,"column":2},"end":{"line":64,"column":21}},"26":{"start":{"line":66,"column":3},"end":{"line":66,"column":18}},"27":{"start":{"line":72,"column":0},"end":{"line":74,"column":1}},"28":{"start":{"line":73,"column":3},"end":{"line":73,"column":28}}},"branchMap":{}},"/usr/src/app/user.js":{"path":"/usr/src/app/user.js","s":{"1":1,"2":1,"3":1,"4":1,"5":0,"6":0,"7":0,"8":1,"9":3,"10":0,"11":0,"12":0,"13":0,"14":0,"15":1,"16":0,"17":0,"18":0,"19":0,"20":0,"21":0,"22":0,"23":1,"24":0,"25":0,"26":0,"27":0,"28":1},"b":{"1":[0,0],"2":[0,0],"3":[0,0],"4":[0,0]},"f":{"1":0,"2":0,"3":3,"4":0,"5":0,"6":0,"7":0},"fnMap":{"1":{"name":"findUser","line":6,"loc":{"start":{"line":6,"column":0},"end":{"line":6,"column":27}}},"2":{"name":"(anonymous_2)","line":7,"loc":{"start":{"line":7,"column":8},"end":{"line":7,"column":19}}},"3":{"name":"addUser","line":14,"loc":{"start":{"line":14,"column":0},"end":{"line":14,"column":26}}},"4":{"name":"(anonymous_4)","line":15,"loc":{"start":{"line":15,"column":8},"end":{"line":15,"column":19}}},"5":{"name":"removeUser","line":27,"loc":{"start":{"line":27,"column":0},"end":{"line":27,"column":29}}},"6":{"name":"(anonymous_6)","line":28,"loc":{"start":{"line":28,"column":8},"end":{"line":28,"column":19}}},"7":{"name":"isUser","line":39,"loc":{"start":{"line":39,"column":0},"end":{"line":39,"column":26}}}},"statementMap":{"1":{"start":{"line":1,"column":0},"end":{"line":1,"column":40}},"2":{"start":{"line":2,"column":0},"end":{"line":2,"column":48}},"3":{"start":{"line":3,"column":0},"end":{"line":3,"column":35}},"4":{"start":{"line":6,"column":0},"end":{"line":11,"column":1}},"5":{"start":{"line":7,"column":1},"end":{"line":10,"column":2}},"6":{"start":{"line":8,"column":2},"end":{"line":8,"column":44}},"7":{"start":{"line":9,"column":2},"end":{"line":9,"column":16}},"8":{"start":{"line":14,"column":0},"end":{"line":23,"column":1}},"9":{"start":{"line":15,"column":1},"end":{"line":22,"column":2}},"10":{"start":{"line":17,"column":2},"end":{"line":17,"column":42}},"11":{"start":{"line":19,"column":2},"end":{"line":19,"column":41}},"12":{"start":{"line":19,"column":28},"end":{"line":19,"column":41}},"13":{"start":{"line":20,"column":2},"end":{"line":20,"column":42}},"14":{"start":{"line":21,"column":2},"end":{"line":21,"column":14}},"15":{"start":{"line":27,"column":0},"end":{"line":36,"column":1}},"16":{"start":{"line":28,"column":1},"end":{"line":35,"column":2}},"17":{"start":{"line":29,"column":2},"end":{"line":29,"column":42}},"18":{"start":{"line":31,"column":2},"end":{"line":31,"column":41}},"19":{"start":{"line":31,"column":28},"end":{"line":31,"column":41}},"20":{"start":{"line":32,"column":2},"end":{"line":32,"column":42}},"21":{"start":{"line":34,"column":2},"end":{"line":34,"column":41}},"22":{"start":{"line":34,"column":29},"end":{"line":34,"column":41}},"23":{"start":{"line":39,"column":0},"end":{"line":44,"column":1}},"24":{"start":{"line":40,"column":1},"end":{"line":40,"column":41}},"25":{"start":{"line":42,"column":1},"end":{"line":42,"column":39}},"26":{"start":{"line":42,"column":27},"end":{"line":42,"column":39}},"27":{"start":{"line":43,"column":1},"end":{"line":43,"column":14}},"28":{"start":{"line":49,"column":0},"end":{"line":54,"column":2}}},"branchMap":{"1":{"line":19,"type":"if","locations":[{"start":{"line":19,"column":2},"end":{"line":19,"column":2}},{"start":{"line":19,"column":2},"end":{"line":19,"column":2}}]},"2":{"line":31,"type":"if","locations":[{"start":{"line":31,"column":2},"end":{"line":31,"column":2}},{"start":{"line":31,"column":2},"end":{"line":31,"column":2}}]},"3":{"line":34,"type":"if","locations":[{"start":{"line":34,"column":2},"end":{"line":34,"column":2}},{"start":{"line":34,"column":2},"end":{"line":34,"column":2}}]},"4":{"line":42,"type":"if","locations":[{"start":{"line":42,"column":1},"end":{"line":42,"column":1}},{"start":{"line":42,"column":1},"end":{"line":42,"column":1}}]}}}}