{"/usr/src/app/app.js":{"path":"/usr/src/app/app.js","s":{"1":1,"2":1,"3":1,"4":1,"5":1,"6":1,"7":1,"8":1,"9":0,"10":0,"11":0,"12":0,"13":0,"14":0,"15":0,"16":2,"17":2,"18":0,"19":0,"20":0,"21":0,"22":0,"23":0,"24":0,"25":0,"26":0,"27":0,"28":0,"29":0,"30":0,"31":1,"32":1,"33":1,"34":1,"35":1,"36":0,"37":0,"38":0,"39":1},"b":{"1":[0,1],"2":[0,0],"3":[0,0],"4":[0,2],"5":[0,0],"6":[0,0],"7":[1,0]},"f":{"1":1,"2":1,"3":2,"4":0,"5":0,"6":1},"fnMap":{"1":{"name":"(anonymous_1)","line":7,"loc":{"start":{"line":7,"column":13},"end":{"line":7,"column":24}}},"2":{"name":"(anonymous_2)","line":20,"loc":{"start":{"line":20,"column":8},"end":{"line":20,"column":10}}},"3":{"name":"(anonymous_3)","line":40,"loc":{"start":{"line":40,"column":9},"end":{"line":40,"column":11}}},"4":{"name":"(anonymous_4)","line":47,"loc":{"start":{"line":47,"column":10},"end":{"line":47,"column":13}}},"5":{"name":"(anonymous_5)","line":62,"loc":{"start":{"line":62,"column":11},"end":{"line":62,"column":14}}},"6":{"name":"(anonymous_6)","line":77,"loc":{"start":{"line":77,"column":11},"end":{"line":77,"column":14}}}},"statementMap":{"1":{"start":{"line":1,"column":0},"end":{"line":1,"column":41}},"2":{"start":{"line":2,"column":0},"end":{"line":2,"column":40}},"3":{"start":{"line":3,"column":0},"end":{"line":3,"column":37}},"4":{"start":{"line":8,"column":2},"end":{"line":11,"column":12}},"5":{"start":{"line":12,"column":2},"end":{"line":12,"column":18}},"6":{"start":{"line":13,"column":2},"end":{"line":13,"column":17}},"7":{"start":{"line":21,"column":2},"end":{"line":35,"column":5}},"8":{"start":{"line":23,"column":3},"end":{"line":33,"column":4}},"9":{"start":{"line":24,"column":4},"end":{"line":24,"column":99}},"10":{"start":{"line":25,"column":4},"end":{"line":32,"column":7}},"11":{"start":{"line":26,"column":5},"end":{"line":30,"column":6}},"12":{"start":{"line":26,"column":16},"end":{"line":26,"column":72}},"13":{"start":{"line":28,"column":6},"end":{"line":29,"column":32}},"14":{"start":{"line":29,"column":7},"end":{"line":29,"column":32}},"15":{"start":{"line":31,"column":5},"end":{"line":31,"column":19}},"16":{"start":{"line":41,"column":2},"end":{"line":43,"column":5}},"17":{"start":{"line":42,"column":3},"end":{"line":42,"column":73}},"18":{"start":{"line":42,"column":14},"end":{"line":42,"column":71}},"19":{"start":{"line":48,"column":2},"end":{"line":58,"column":5}},"20":{"start":{"line":49,"column":3},"end":{"line":56,"column":4}},"21":{"start":{"line":50,"column":4},"end":{"line":52,"column":7}},"22":{"start":{"line":51,"column":5},"end":{"line":51,"column":43}},"23":{"start":{"line":55,"column":4},"end":{"line":55,"column":62}},"24":{"start":{"line":57,"column":3},"end":{"line":57,"column":17}},"25":{"start":{"line":63,"column":2},"end":{"line":73,"column":5}},"26":{"start":{"line":64,"column":3},"end":{"line":71,"column":4}},"27":{"start":{"line":65,"column":4},"end":{"line":67,"column":7}},"28":{"start":{"line":66,"column":5},"end":{"line":66,"column":99}},"29":{"start":{"line":70,"column":4},"end":{"line":70,"column":63}},"30":{"start":{"line":72,"column":3},"end":{"line":72,"column":17}},"31":{"start":{"line":78,"column":2},"end":{"line":90,"column":5}},"32":{"start":{"line":79,"column":3},"end":{"line":88,"column":4}},"33":{"start":{"line":80,"column":4},"end":{"line":80,"column":91}},"34":{"start":{"line":81,"column":4},"end":{"line":81,"column":18}},"35":{"start":{"line":82,"column":4},"end":{"line":82,"column":16}},"36":{"start":{"line":85,"column":4},"end":{"line":85,"column":95}},"37":{"start":{"line":86,"column":4},"end":{"line":86,"column":18}},"38":{"start":{"line":87,"column":4},"end":{"line":87,"column":17}},"39":{"start":{"line":94,"column":0},"end":{"line":94,"column":22}}},"branchMap":{"1":{"line":23,"type":"if","locations":[{"start":{"line":23,"column":3},"end":{"line":23,"column":3}},{"start":{"line":23,"column":3},"end":{"line":23,"column":3}}]},"2":{"line":26,"type":"if","locations":[{"start":{"line":26,"column":5},"end":{"line":26,"column":5}},{"start":{"line":26,"column":5},"end":{"line":26,"column":5}}]},"3":{"line":28,"type":"if","locations":[{"start":{"line":28,"column":6},"end":{"line":28,"column":6}},{"start":{"line":28,"column":6},"end":{"line":28,"column":6}}]},"4":{"line":42,"type":"if","locations":[{"start":{"line":42,"column":3},"end":{"line":42,"column":3}},{"start":{"line":42,"column":3},"end":{"line":42,"column":3}}]},"5":{"line":49,"type":"if","locations":[{"start":{"line":49,"column":3},"end":{"line":49,"column":3}},{"start":{"line":49,"column":3},"end":{"line":49,"column":3}}]},"6":{"line":64,"type":"if","locations":[{"start":{"line":64,"column":3},"end":{"line":64,"column":3}},{"start":{"line":64,"column":3},"end":{"line":64,"column":3}}]},"7":{"line":79,"type":"if","locations":[{"start":{"line":79,"column":3},"end":{"line":79,"column":3}},{"start":{"line":79,"column":3},"end":{"line":79,"column":3}}]}}}}