TN:
SF:/usr/src/app/settings.js
FNF:0
FNH:0
DA:2,1
LF:1
LH:1
BRF:0
BRH:0
end_of_record
TN:
SF:/usr/src/app/app.js
FN:22,getUser
FN:25,(anonymous_2)
FN:29,(anonymous_3)
FN:34,addUser
FN:37,(anonymous_5)
FN:40,(anonymous_6)
FN:47,removeUser
FN:50,(anonymous_8)
FN:54,(anonymous_9)
FN:59,isUser
FN:62,(anonymous_11)
FN:65,(anonymous_12)
FN:72,on_error
FNF:13
FNH:2
FNDA:0,getUser
FNDA:0,(anonymous_2)
FNDA:0,(anonymous_3)
FNDA:3,addUser
FNDA:3,(anonymous_5)
FNDA:0,(anonymous_6)
FNDA:0,removeUser
FNDA:0,(anonymous_8)
FNDA:0,(anonymous_9)
FNDA:0,isUser
FNDA:0,(anonymous_11)
FNDA:0,(anonymous_12)
FNDA:0,on_error
DA:4,3
DA:5,3
DA:7,3
DA:22,1
DA:25,0
DA:26,0
DA:27,0
DA:28,0
DA:30,0
DA:34,1
DA:37,3
DA:38,3
DA:39,0
DA:41,0
DA:45,3
DA:47,1
DA:50,0
DA:51,0
DA:52,0
DA:53,0
DA:55,0
DA:59,1
DA:62,0
DA:63,0
DA:64,0
DA:66,0
DA:72,1
DA:73,0
LF:28
LH:11
BRF:0
BRH:0
end_of_record
TN:
SF:/usr/src/app/user.js
FN:6,findUser
FN:7,(anonymous_2)
FN:14,addUser
FN:15,(anonymous_4)
FN:27,removeUser
FN:28,(anonymous_6)
FN:39,isUser
FNF:7
FNH:1
FNDA:0,findUser
FNDA:0,(anonymous_2)
FNDA:3,addUser
FNDA:0,(anonymous_4)
FNDA:0,removeUser
FNDA:0,(anonymous_6)
FNDA:0,isUser
DA:1,1
DA:2,1
DA:3,1
DA:6,1
DA:7,0
DA:8,0
DA:9,0
DA:14,1
DA:15,3
DA:17,0
DA:19,0
DA:20,0
DA:21,0
DA:27,1
DA:28,0
DA:29,0
DA:31,0
DA:32,0
DA:34,0
DA:39,1
DA:40,0
DA:42,0
DA:43,0
DA:49,1
LF:24
LH:9
BRDA:19,1,0,0
BRDA:19,1,1,0
BRDA:31,2,0,0
BRDA:31,2,1,0
BRDA:34,3,0,0
BRDA:34,3,1,0
BRDA:42,4,0,0
BRDA:42,4,1,0
BRF:8
BRH:0
end_of_record
